Started by user [8mha:////4BMw752tifshHF6lnxefsfEz7rJ7nTMd9F07gGknpEaAAAAAlx+LCAAAAAAAAP9b85aBtbiIQTGjNKU4P08vOT+vOD8nVc83PyU1x6OyILUoJzMv2y+/JJUBAhiZGBgqihhk0NSjKDWzXb3RdlLBUSYGJk8GtpzUvPSSDB8G5tKinBIGIZ+sxLJE/ZzEvHT94JKizLx0a6BxUmjGOUNodHsLgAzWEgZu/dLi1CL9xLysxDwAZt23j8AAAAA=[0manjan
Building remotely on [8mha:////4Mm0lebg4mWyfci05oup8f5bjdGLuSd2iYMuIKVjFPOlAAAAnB+LCAAAAAAAAP9b85aBtbiIQTGjNKU4P08vOT+vOD8nVc83PyU1x6OyILUoJzMv2y+/JJUBAhiZGBgqihhk0NSjKDWzXb3RdlLBUSYGJk8GtpzUvPSSDB8G5tKinBIGIZ+sxLJE/ZzEvHT94JKizLx0a6BxUmjGOUNodHsLgAy2EgYB/eT83ILSktQi/eKcxLJUIwCCp2lrxQAAAA==[0mslave2 (pi) in workspace /home/rahul/SeleniumPi/workspace/test
[WS-CLEANUP] Deleting project workspace...
Cloning the remote Git repository
Cloning repository https://github.com/anjan-mondal/seleniumFramework.git
 > /usr/bin/git init /home/rahul/SeleniumPi/workspace/test # timeout=10
Fetching upstream changes from https://github.com/anjan-mondal/seleniumFramework.git
 > /usr/bin/git --version # timeout=10
 > /usr/bin/git fetch --tags --progress https://github.com/anjan-mondal/seleniumFramework.git +refs/heads/*:refs/remotes/origin/*
 > /usr/bin/git config remote.origin.url https://github.com/anjan-mondal/seleniumFramework.git # timeout=10
 > /usr/bin/git config --add remote.origin.fetch +refs/heads/*:refs/remotes/origin/* # timeout=10
 > /usr/bin/git config remote.origin.url https://github.com/anjan-mondal/seleniumFramework.git # timeout=10
Fetching upstream changes from https://github.com/anjan-mondal/seleniumFramework.git
 > /usr/bin/git fetch --tags --progress https://github.com/anjan-mondal/seleniumFramework.git +refs/heads/*:refs/remotes/origin/*
 > /usr/bin/git rev-parse refs/remotes/origin/master^{commit} # timeout=10
 > /usr/bin/git rev-parse refs/remotes/origin/origin/master^{commit} # timeout=10
Checking out Revision 830c527f620b2553aa8b4d4a555cc7da62543c18 (refs/remotes/origin/master)
Commit message: "test"
 > /usr/bin/git config core.sparsecheckout # timeout=10
 > /usr/bin/git checkout -f 830c527f620b2553aa8b4d4a555cc7da62543c18
First time build. Skipping changelog.
[test] $ /bin/sh -xe /tmp/jenkins6474051780136354934.sh
+ Display=:1 xvfb-run java -cp /home/rahul/SeleniumPi/workspace/test/seleniumFramework/src/jars/*:/home/rahul/SeleniumPi/workspace/test/seleniumFramework/bin org.testng.TestNG ./testng.xml
Error: Could not find or load main class org.testng.TestNG
Build step 'Execute shell' marked build as failure
Sending e-mails to: anjanmondal@gmail.com
ERROR: 534-5.7.14 <https://accounts.google.com/signin/continue?sarp=1&scc=1&plt=AKgnsbvL
534-5.7.14 tUn1mwV9cixr8Ya34rSciryea3Rch4MPyhP2Eja7lCXSSJJLzWtnmw1byHMJ7Z6qJ8c5AP
534-5.7.14 qZk_vmOYeEziFRODjl2EtzIKYqAaC1BkHQY0_ciIBAVy5WjfC-v9CCWexuA_5_wvFnSwmu
534-5.7.14 dTwvGDphn80ev3czK2fEuZpz-2l7dmfmEfeaALNMU0ygECp4p5WCe7jt2GFfaE8PuD1a40
534-5.7.14 N_HCyiM_IsJeVyRfZiIna6vNx-AyM> Please log in via your web browser and
534-5.7.14 then try again.
534-5.7.14  Learn more at
534 5.7.14  https://support.google.com/mail/answer/78754 8sm14250099pfi.6 - gsmtp

[8mha:////4EICDpwvoLHtApI4/8vMbBl3gzJrAY6yR8Auk0G3ZsBqAAAAVx+LCAAAAAAAAP9b85aBtbiIQSmjNKU4P08vOT+vOD8nVc8DzHWtSE4tKMnMz/PLL0mV3NWzufebKBsTA0NFEYMUmgZnCA1SyAABjCCFBQC2xNaiYAAAAA==[0mjavax.mail.AuthenticationFailedException: 534-5.7.14 <https://accounts.google.com/signin/continue?sarp=1&scc=1&plt=AKgnsbvL
534-5.7.14 tUn1mwV9cixr8Ya34rSciryea3Rch4MPyhP2Eja7lCXSSJJLzWtnmw1byHMJ7Z6qJ8c5AP
534-5.7.14 qZk_vmOYeEziFRODjl2EtzIKYqAaC1BkHQY0_ciIBAVy5WjfC-v9CCWexuA_5_wvFnSwmu
534-5.7.14 dTwvGDphn80ev3czK2fEuZpz-2l7dmfmEfeaALNMU0ygECp4p5WCe7jt2GFfaE8PuD1a40
534-5.7.14 N_HCyiM_IsJeVyRfZiIna6vNx-AyM> Please log in via your web browser and
534-5.7.14 then try again.
534-5.7.14  Learn more at
534 5.7.14  https://support.google.com/mail/answer/78754 8sm14250099pfi.6 - gsmtp

	at com.sun.mail.smtp.SMTPTransport$Authenticator.authenticate(SMTPTransport.java:809)
	at com.sun.mail.smtp.SMTPTransport.authenticate(SMTPTransport.java:752)
	at com.sun.mail.smtp.SMTPTransport.protocolConnect(SMTPTransport.java:669)
	at javax.mail.Service.connect(Service.java:317)
	at javax.mail.Service.connect(Service.java:176)
	at javax.mail.Service.connect(Service.java:125)
	at javax.mail.Transport.send0(Transport.java:194)
	at javax.mail.Transport.send(Transport.java:124)
	at hudson.tasks.MailSender.run(MailSender.java:131)
	at hudson.tasks.Mailer.perform(Mailer.java:170)
	at hudson.tasks.BuildStepCompatibilityLayer.perform(BuildStepCompatibilityLayer.java:81)
	at hudson.tasks.BuildStepMonitor$1.perform(BuildStepMonitor.java:20)
	at hudson.model.AbstractBuild$AbstractBuildExecution.perform(AbstractBuild.java:730)
	at hudson.model.AbstractBuild$AbstractBuildExecution.performAllBuildSteps(AbstractBuild.java:676)
	at hudson.model.Build$BuildExecution.post2(Build.java:186)
	at hudson.model.AbstractBuild$AbstractBuildExecution.post(AbstractBuild.java:621)
	at hudson.model.Run.execute(Run.java:1760)
	at hudson.model.FreeStyleBuild.run(FreeStyleBuild.java:43)
	at hudson.model.ResourceController.execute(ResourceController.java:97)
	at hudson.model.Executor.run(Executor.java:415)
Finished: FAILURE
