Started by user [8mha:////4BMw752tifshHF6lnxefsfEz7rJ7nTMd9F07gGknpEaAAAAAlx+LCAAAAAAAAP9b85aBtbiIQTGjNKU4P08vOT+vOD8nVc83PyU1x6OyILUoJzMv2y+/JJUBAhiZGBgqihhk0NSjKDWzXb3RdlLBUSYGJk8GtpzUvPSSDB8G5tKinBIGIZ+sxLJE/ZzEvHT94JKizLx0a6BxUmjGOUNodHsLgAzWEgZu/dLi1CL9xLysxDwAZt23j8AAAAA=[0manjan
Building on master in workspace C:\Users\anjan\.jenkins\workspace\test
[WS-CLEANUP] Deleting project workspace...
Cloning the remote Git repository
Cloning repository https://github.com/anjan-mondal/seleniumFramework.git
 > c:\Program Files\Git\bin\git.exe init C:\Users\anjan\.jenkins\workspace\test # timeout=10
Fetching upstream changes from https://github.com/anjan-mondal/seleniumFramework.git
 > c:\Program Files\Git\bin\git.exe --version # timeout=10
 > c:\Program Files\Git\bin\git.exe fetch --tags --progress https://github.com/anjan-mondal/seleniumFramework.git +refs/heads/*:refs/remotes/origin/*
 > c:\Program Files\Git\bin\git.exe config remote.origin.url https://github.com/anjan-mondal/seleniumFramework.git # timeout=10
 > c:\Program Files\Git\bin\git.exe config --add remote.origin.fetch +refs/heads/*:refs/remotes/origin/* # timeout=10
 > c:\Program Files\Git\bin\git.exe config remote.origin.url https://github.com/anjan-mondal/seleniumFramework.git # timeout=10
Fetching upstream changes from https://github.com/anjan-mondal/seleniumFramework.git
 > c:\Program Files\Git\bin\git.exe fetch --tags --progress https://github.com/anjan-mondal/seleniumFramework.git +refs/heads/*:refs/remotes/origin/*
 > c:\Program Files\Git\bin\git.exe rev-parse "refs/remotes/origin/master^{commit}" # timeout=10
 > c:\Program Files\Git\bin\git.exe rev-parse "refs/remotes/origin/origin/master^{commit}" # timeout=10
Checking out Revision 3c267c3745dc3a2ca76af8d2f787e39df505ddd3 (refs/remotes/origin/master)
Commit message: "added google cloud compute shell"
 > c:\Program Files\Git\bin\git.exe config core.sparsecheckout # timeout=10
 > c:\Program Files\Git\bin\git.exe checkout -f 3c267c3745dc3a2ca76af8d2f787e39df505ddd3
 > c:\Program Files\Git\bin\git.exe rev-list 3c267c3745dc3a2ca76af8d2f787e39df505ddd3 # timeout=10
No emails were triggered.
[test] $ sh -xe C:\Users\anjan\AppData\Local\Temp\jenkins3427314893932994797.sh
The system cannot find the file specified
FATAL: command execution failed
[8mha:////4EICDpwvoLHtApI4/8vMbBl3gzJrAY6yR8Auk0G3ZsBqAAAAVx+LCAAAAAAAAP9b85aBtbiIQSmjNKU4P08vOT+vOD8nVc8DzHWtSE4tKMnMz/PLL0mV3NWzufebKBsTA0NFEYMUmgZnCA1SyAABjCCFBQC2xNaiYAAAAA==[0mjava.io.IOException: CreateProcess error=2, The system cannot find the file specified
	at java.lang.ProcessImpl.create(Native Method)
	at java.lang.ProcessImpl.<init>(Unknown Source)
	at java.lang.ProcessImpl.start(Unknown Source)
Caused: java.io.IOException: Cannot run program "sh" (in directory "C:\Users\anjan\.jenkins\workspace\test"): CreateProcess error=2, The system cannot find the file specified
	at java.lang.ProcessBuilder.start(Unknown Source)
	at hudson.Proc$LocalProc.<init>(Proc.java:249)
	at hudson.Proc$LocalProc.<init>(Proc.java:218)
	at hudson.Launcher$LocalLauncher.launch(Launcher.java:930)
	at hudson.Launcher$ProcStarter.start(Launcher.java:450)
	at hudson.tasks.CommandInterpreter.perform(CommandInterpreter.java:109)
	at hudson.tasks.CommandInterpreter.perform(CommandInterpreter.java:66)
	at hudson.tasks.BuildStepMonitor$1.perform(BuildStepMonitor.java:20)
	at hudson.model.AbstractBuild$AbstractBuildExecution.perform(AbstractBuild.java:730)
	at hudson.model.Build$BuildExecution.build(Build.java:206)
	at hudson.model.Build$BuildExecution.doRun(Build.java:163)
	at hudson.model.AbstractBuild$AbstractBuildExecution.run(AbstractBuild.java:490)
	at hudson.model.Run.execute(Run.java:1735)
	at hudson.model.FreeStyleBuild.run(FreeStyleBuild.java:43)
	at hudson.model.ResourceController.execute(ResourceController.java:97)
	at hudson.model.Executor.run(Executor.java:415)
Build step 'Execute shell' marked build as failure
Email was triggered for: Failure - Any
Sending email for trigger: Failure - Any
Sending email to: anjanmondal@gmail.com
Connection error sending email, retrying once more in 10 seconds...
Connection error sending email, retrying once more in 10 seconds...
Failed after second try sending email
Finished: FAILURE
