Started by user [8mha:////4BMw752tifshHF6lnxefsfEz7rJ7nTMd9F07gGknpEaAAAAAlx+LCAAAAAAAAP9b85aBtbiIQTGjNKU4P08vOT+vOD8nVc83PyU1x6OyILUoJzMv2y+/JJUBAhiZGBgqihhk0NSjKDWzXb3RdlLBUSYGJk8GtpzUvPSSDB8G5tKinBIGIZ+sxLJE/ZzEvHT94JKizLx0a6BxUmjGOUNodHsLgAzWEgZu/dLi1CL9xLysxDwAZt23j8AAAAA=[0manjan
Building remotely on [8mha:////4Mm0lebg4mWyfci05oup8f5bjdGLuSd2iYMuIKVjFPOlAAAAnB+LCAAAAAAAAP9b85aBtbiIQTGjNKU4P08vOT+vOD8nVc83PyU1x6OyILUoJzMv2y+/JJUBAhiZGBgqihhk0NSjKDWzXb3RdlLBUSYGJk8GtpzUvPSSDB8G5tKinBIGIZ+sxLJE/ZzEvHT94JKizLx0a6BxUmjGOUNodHsLgAy2EgYB/eT83ILSktQi/eKcxLJUIwCCp2lrxQAAAA==[0mslave2 (pi) in workspace /home/rahul/SeleniumPi/workspace/test
[WS-CLEANUP] Deleting project workspace...
[WS-CLEANUP] Done
Cloning the remote Git repository
Cloning repository https://github.com/anjan-mondal/seleniumFramework.git
 > /usr/bin/git init /home/rahul/SeleniumPi/workspace/test # timeout=10
Fetching upstream changes from https://github.com/anjan-mondal/seleniumFramework.git
 > /usr/bin/git --version # timeout=10
 > /usr/bin/git fetch --tags --progress https://github.com/anjan-mondal/seleniumFramework.git +refs/heads/*:refs/remotes/origin/*
 > /usr/bin/git config remote.origin.url https://github.com/anjan-mondal/seleniumFramework.git # timeout=10
 > /usr/bin/git config --add remote.origin.fetch +refs/heads/*:refs/remotes/origin/* # timeout=10
 > /usr/bin/git config remote.origin.url https://github.com/anjan-mondal/seleniumFramework.git # timeout=10
Fetching upstream changes from https://github.com/anjan-mondal/seleniumFramework.git
 > /usr/bin/git fetch --tags --progress https://github.com/anjan-mondal/seleniumFramework.git +refs/heads/*:refs/remotes/origin/*
 > /usr/bin/git rev-parse refs/remotes/origin/master^{commit} # timeout=10
 > /usr/bin/git rev-parse refs/remotes/origin/origin/master^{commit} # timeout=10
Checking out Revision 830c527f620b2553aa8b4d4a555cc7da62543c18 (refs/remotes/origin/master)
Commit message: "test"
 > /usr/bin/git config core.sparsecheckout # timeout=10
 > /usr/bin/git checkout -f 830c527f620b2553aa8b4d4a555cc7da62543c18
 > /usr/bin/git rev-list 830c527f620b2553aa8b4d4a555cc7da62543c18 # timeout=10
[test] $ /bin/sh -xe /tmp/jenkins8523907185528641889.sh
+ Display=:1 xvfb-run java -cp /home/rahul/SeleniumPi/workspace/test/src/jars/*:/home/rahul/SeleniumPi/workspace/test/bin org.testng.TestNG ./testng.xml
[TestNG] Running:
  /home/rahul/SeleniumPi/workspace/test/testng.xml

/home/rahul/SeleniumPi/workspace/test
/home/rahul/SeleniumPi/workspace/test

===============================================
Parallel test suite
Total tests run: 2, Failures: 0, Skips: 2
Configuration Failures: 1, Skips: 3
===============================================

Build step 'Execute shell' marked build as failure
Sending e-mails to: anjanmondal@gmail.com
ERROR: 534-5.7.14 <https://accounts.google.com/signin/continue?sarp=1&scc=1&plt=AKgnsbuB
534-5.7.14 ydGgkuzd2mgrBy2qgMPtTUg_p424QrcxYmcIlyEvAyaTWMLeHaalhzpgWojnPNBx7uKTv4
534-5.7.14 c_AmFe1TKl3aZUpdBiykP6dfYD4kwDBo8mlXIVuX9EIDpeKjt5SnxbvQ0q5RVCR3e-SFJI
534-5.7.14 1VKRQ4lcj87CnAiYJVt9tAwBqeK8g9sLOGhoLbhrNPCQYZFj6hnM4qBOCvrSYNqMTxRIEx
534-5.7.14 kwKvgK_LhNOy95x-2ESlSBwn354us> Please log in via your web browser and
534-5.7.14 then try again.
534-5.7.14  Learn more at
534 5.7.14  https://support.google.com/mail/answer/78754 f88sm13517192pff.74 - gsmtp

[8mha:////4EICDpwvoLHtApI4/8vMbBl3gzJrAY6yR8Auk0G3ZsBqAAAAVx+LCAAAAAAAAP9b85aBtbiIQSmjNKU4P08vOT+vOD8nVc8DzHWtSE4tKMnMz/PLL0mV3NWzufebKBsTA0NFEYMUmgZnCA1SyAABjCCFBQC2xNaiYAAAAA==[0mjavax.mail.AuthenticationFailedException: 534-5.7.14 <https://accounts.google.com/signin/continue?sarp=1&scc=1&plt=AKgnsbuB
534-5.7.14 ydGgkuzd2mgrBy2qgMPtTUg_p424QrcxYmcIlyEvAyaTWMLeHaalhzpgWojnPNBx7uKTv4
534-5.7.14 c_AmFe1TKl3aZUpdBiykP6dfYD4kwDBo8mlXIVuX9EIDpeKjt5SnxbvQ0q5RVCR3e-SFJI
534-5.7.14 1VKRQ4lcj87CnAiYJVt9tAwBqeK8g9sLOGhoLbhrNPCQYZFj6hnM4qBOCvrSYNqMTxRIEx
534-5.7.14 kwKvgK_LhNOy95x-2ESlSBwn354us> Please log in via your web browser and
534-5.7.14 then try again.
534-5.7.14  Learn more at
534 5.7.14  https://support.google.com/mail/answer/78754 f88sm13517192pff.74 - gsmtp

	at com.sun.mail.smtp.SMTPTransport$Authenticator.authenticate(SMTPTransport.java:809)
	at com.sun.mail.smtp.SMTPTransport.authenticate(SMTPTransport.java:752)
	at com.sun.mail.smtp.SMTPTransport.protocolConnect(SMTPTransport.java:669)
	at javax.mail.Service.connect(Service.java:317)
	at javax.mail.Service.connect(Service.java:176)
	at javax.mail.Service.connect(Service.java:125)
	at javax.mail.Transport.send0(Transport.java:194)
	at javax.mail.Transport.send(Transport.java:124)
	at hudson.tasks.MailSender.run(MailSender.java:131)
	at hudson.tasks.Mailer.perform(Mailer.java:170)
	at hudson.tasks.BuildStepCompatibilityLayer.perform(BuildStepCompatibilityLayer.java:81)
	at hudson.tasks.BuildStepMonitor$1.perform(BuildStepMonitor.java:20)
	at hudson.model.AbstractBuild$AbstractBuildExecution.perform(AbstractBuild.java:730)
	at hudson.model.AbstractBuild$AbstractBuildExecution.performAllBuildSteps(AbstractBuild.java:676)
	at hudson.model.Build$BuildExecution.post2(Build.java:186)
	at hudson.model.AbstractBuild$AbstractBuildExecution.post(AbstractBuild.java:621)
	at hudson.model.Run.execute(Run.java:1760)
	at hudson.model.FreeStyleBuild.run(FreeStyleBuild.java:43)
	at hudson.model.ResourceController.execute(ResourceController.java:97)
	at hudson.model.Executor.run(Executor.java:415)
Finished: FAILURE
