Started by user [8mha:////4BMw752tifshHF6lnxefsfEz7rJ7nTMd9F07gGknpEaAAAAAlx+LCAAAAAAAAP9b85aBtbiIQTGjNKU4P08vOT+vOD8nVc83PyU1x6OyILUoJzMv2y+/JJUBAhiZGBgqihhk0NSjKDWzXb3RdlLBUSYGJk8GtpzUvPSSDB8G5tKinBIGIZ+sxLJE/ZzEvHT94JKizLx0a6BxUmjGOUNodHsLgAzWEgZu/dLi1CL9xLysxDwAZt23j8AAAAA=[0manjan
Building remotely on [8mha:////4Mm0lebg4mWyfci05oup8f5bjdGLuSd2iYMuIKVjFPOlAAAAnB+LCAAAAAAAAP9b85aBtbiIQTGjNKU4P08vOT+vOD8nVc83PyU1x6OyILUoJzMv2y+/JJUBAhiZGBgqihhk0NSjKDWzXb3RdlLBUSYGJk8GtpzUvPSSDB8G5tKinBIGIZ+sxLJE/ZzEvHT94JKizLx0a6BxUmjGOUNodHsLgAy2EgYB/eT83ILSktQi/eKcxLJUIwCCp2lrxQAAAA==[0mslave2 (pi) in workspace /media/rahul/U/SeleniumPi/workspace/soaptest
[WS-CLEANUP] Deleting project workspace...
[WS-CLEANUP] Done
Cloning the remote Git repository
Cloning repository https://github.com/anjan-mondal/soapuipi.git
 > /usr/bin/git init /media/rahul/U/SeleniumPi/workspace/soaptest # timeout=10
Fetching upstream changes from https://github.com/anjan-mondal/soapuipi.git
 > /usr/bin/git --version # timeout=10
 > /usr/bin/git fetch --tags --progress https://github.com/anjan-mondal/soapuipi.git +refs/heads/*:refs/remotes/origin/*
 > /usr/bin/git config remote.origin.url https://github.com/anjan-mondal/soapuipi.git # timeout=10
 > /usr/bin/git config --add remote.origin.fetch +refs/heads/*:refs/remotes/origin/* # timeout=10
 > /usr/bin/git config remote.origin.url https://github.com/anjan-mondal/soapuipi.git # timeout=10
Fetching upstream changes from https://github.com/anjan-mondal/soapuipi.git
 > /usr/bin/git fetch --tags --progress https://github.com/anjan-mondal/soapuipi.git +refs/heads/*:refs/remotes/origin/*
 > /usr/bin/git rev-parse refs/remotes/origin/master^{commit} # timeout=10
 > /usr/bin/git rev-parse refs/remotes/origin/origin/master^{commit} # timeout=10
Checking out Revision 654fff8301d0e0143302c4a9c6f058669a403aae (refs/remotes/origin/master)
Commit message: "rtt"
 > /usr/bin/git config core.sparsecheckout # timeout=10
 > /usr/bin/git checkout -f 654fff8301d0e0143302c4a9c6f058669a403aae
 > /usr/bin/git rev-list 654fff8301d0e0143302c4a9c6f058669a403aae # timeout=10
[soaptest] $ /bin/sh -xe /tmp/jenkins5727334679856482164.sh
+ sh /media/rahul/U/SeleniumPi/workspace/soaptest/RunLinux.sh
================================
=
= SOAPUI_HOME = /home/rahul/soap/SoapUI-5.3.0
=
================================
2017-08-14 20:29:19,876 [main] WARN  com.eviware.soapui.SoapUI - Could not find jfxrt.jar. Internal browser will be disabled.
SoapUI 5.3.0 TestCase Runner
20:29:21,694 INFO  [DefaultSoapUICore] initialized soapui-settings from [/home/rahul/soapui-settings.xml]
SLF4J: Failed to load class "org.slf4j.impl.StaticLoggerBinder".
SLF4J: Defaulting to no-operation (NOP) logger implementation
SLF4J: See http://www.slf4j.org/codes.html#StaticLoggerBinder for further details.
20:29:23,732 INFO  [PluginManager] 0 plugins loaded in 5 ms
20:29:23,732 INFO  [DefaultSoapUICore] All plugins loaded
java.awt.HeadlessException: 
No X11 DISPLAY variable was set, but this program performed an operation which requires it.
	at sun.awt.HeadlessToolkit.getScreenSize(HeadlessToolkit.java:284)
	at com.eviware.soapui.analytics.providers.BaseAnalyticsProvider.getStrScreenSize(BaseAnalyticsProvider.java:64)
	at com.eviware.soapui.analytics.providers.GoogleAnalyticsProvider.getEventLabel(GoogleAnalyticsProvider.java:173)
	at com.eviware.soapui.analytics.providers.GoogleAnalyticsProvider.buildParametersString(GoogleAnalyticsProvider.java:81)
	at com.eviware.soapui.analytics.providers.GoogleAnalyticsProvider.trackAction(GoogleAnalyticsProvider.java:56)
	at com.eviware.soapui.analytics.AnalyticsManager$3.run(AnalyticsManager.java:167)
	at java.util.concurrent.ThreadPoolExecutor.runWorker(ThreadPoolExecutor.java:1149)
	at java.util.concurrent.ThreadPoolExecutor$Worker.run(ThreadPoolExecutor.java:624)
	at java.lang.Thread.run(Thread.java:748)
20:29:26,445 INFO  [WsdlProject] Loaded project from [file:/media/rahul/U/SeleniumPi/workspace/soaptest/Projects/Google-Maps-soapui-project.xml]
20:29:26,465 INFO  [SoapUITestCaseRunner] Running SoapUI tests in project [Sample Google Maps Project]
20:29:26,466 ERROR [SoapUITestCaseRunner] java.lang.Exception: TestCase with name [Simple Tests] in TestSuite [Time Zone API TestSuite] is missing in Project [Sample Google Maps Project]
20:29:26,467 ERROR [SoapUI] An error occurred [TestCase with name [Simple Tests] in TestSuite [Time Zone API TestSuite] is missing in Project [Sample Google Maps Project]], see error log for details
java.lang.Exception: TestCase with name [Simple Tests] in TestSuite [Time Zone API TestSuite] is missing in Project [Sample Google Maps Project]
	at com.eviware.soapui.tools.SoapUITestCaseRunner.runRunner(SoapUITestCaseRunner.java:390)
	at com.eviware.soapui.tools.AbstractSoapUIRunner.run(AbstractSoapUIRunner.java:202)
	at com.eviware.soapui.tools.AbstractSoapUIRunner.run(AbstractSoapUIRunner.java:137)
	at com.eviware.soapui.tools.AbstractSoapUIRunner.runFromCommandLine(AbstractSoapUIRunner.java:112)
	at com.eviware.soapui.tools.SoapUITestCaseRunner.main(SoapUITestCaseRunner.java:118)
Build step 'Execute shell' marked build as failure
Sending e-mails to: anjanmondal@gmail.com
Finished: FAILURE
