Started by user [8mha:////4BMw752tifshHF6lnxefsfEz7rJ7nTMd9F07gGknpEaAAAAAlx+LCAAAAAAAAP9b85aBtbiIQTGjNKU4P08vOT+vOD8nVc83PyU1x6OyILUoJzMv2y+/JJUBAhiZGBgqihhk0NSjKDWzXb3RdlLBUSYGJk8GtpzUvPSSDB8G5tKinBIGIZ+sxLJE/ZzEvHT94JKizLx0a6BxUmjGOUNodHsLgAzWEgZu/dLi1CL9xLysxDwAZt23j8AAAAA=[0manjan
Building remotely on [8mha:////4Mm0lebg4mWyfci05oup8f5bjdGLuSd2iYMuIKVjFPOlAAAAnB+LCAAAAAAAAP9b85aBtbiIQTGjNKU4P08vOT+vOD8nVc83PyU1x6OyILUoJzMv2y+/JJUBAhiZGBgqihhk0NSjKDWzXb3RdlLBUSYGJk8GtpzUvPSSDB8G5tKinBIGIZ+sxLJE/ZzEvHT94JKizLx0a6BxUmjGOUNodHsLgAy2EgYB/eT83ILSktQi/eKcxLJUIwCCp2lrxQAAAA==[0mslave2 (pi) in workspace /home/rahul/SeleniumPi/workspace/test
[WS-CLEANUP] Deleting project workspace...
[WS-CLEANUP] Done
Cloning the remote Git repository
Cloning repository https://github.com/anjan-mondal/facebooklogin.git
 > /usr/bin/git init /home/rahul/SeleniumPi/workspace/test # timeout=10
Fetching upstream changes from https://github.com/anjan-mondal/facebooklogin.git
 > /usr/bin/git --version # timeout=10
 > /usr/bin/git fetch --tags --progress https://github.com/anjan-mondal/facebooklogin.git +refs/heads/*:refs/remotes/origin/*
 > /usr/bin/git config remote.origin.url https://github.com/anjan-mondal/facebooklogin.git # timeout=10
 > /usr/bin/git config --add remote.origin.fetch +refs/heads/*:refs/remotes/origin/* # timeout=10
 > /usr/bin/git config remote.origin.url https://github.com/anjan-mondal/facebooklogin.git # timeout=10
Fetching upstream changes from https://github.com/anjan-mondal/facebooklogin.git
 > /usr/bin/git fetch --tags --progress https://github.com/anjan-mondal/facebooklogin.git +refs/heads/*:refs/remotes/origin/*
 > /usr/bin/git rev-parse refs/remotes/origin/master^{commit} # timeout=10
 > /usr/bin/git rev-parse refs/remotes/origin/origin/master^{commit} # timeout=10
Checking out Revision d60ed378d789aa9108c5181136165e6531a026a5 (refs/remotes/origin/master)
Commit message: "test"
 > /usr/bin/git config core.sparsecheckout # timeout=10
 > /usr/bin/git checkout -f d60ed378d789aa9108c5181136165e6531a026a5
 > /usr/bin/git rev-list d60ed378d789aa9108c5181136165e6531a026a5 # timeout=10
[test] $ /bin/sh -xe /tmp/jenkins4814907786692806469.sh
+ Display=:1 xvfb-run java -cp /home/rahul/SeleniumPi/workspace/test/PiSelenium/jars/*:/home/rahul/SeleniumPi/workspace/test/PiSelenium/bin org.testng.TestNG testng.xml
java.io.FileNotFoundException: /home/rahul/SeleniumPi/workspace/test/testng.xml (No such file or directory)
	at java.io.FileInputStream.open0(Native Method)
	at java.io.FileInputStream.open(FileInputStream.java:195)
	at java.io.FileInputStream.<init>(FileInputStream.java:138)
	at java.io.FileInputStream.<init>(FileInputStream.java:93)
	at org.testng.xml.Parser.parse(Parser.java:167)
	at org.testng.TestNG.initializeSuitesAndJarFile(TestNG.java:310)
	at org.testng.TestNG.run(TestNG.java:1003)
	at org.testng.TestNG.privateMain(TestNG.java:1337)
	at org.testng.TestNG.main(TestNG.java:1306)
[TestNG] [ERROR] No test suite found. Nothing to run
Usage: <main class> [options] The XML suite files to run
  Options:
    -configfailurepolicy
       Configuration failure policy (skip or continue)
    -d
       Output directory
    -dataproviderthreadcount
       Number of threads to use when running data providers
    -excludegroups
       Comma-separated list of group names to  exclude
    -groups
       Comma-separated list of group names to be run
    -junit
       JUnit mode
       Default: false
    -listener
       List of .class files or list of class names implementing ITestListener or
       ISuiteListener
    -methods
       Comma separated of test methods
       Default: []
    -methodselectors
       List of .class files or list of class names implementing IMethodSelector
    -mixed
       Mixed mode - autodetect the type of current test and run it with
       appropriate runner
       Default: false
    -objectfactory
       List of .class files or list of class names implementing
       ITestRunnerFactory
    -parallel
       Parallel mode (methods, tests or classes)
    -port
       The port
    -reporter
       Extended configuration for custom report listener
    -suitename
       Default name of test suite, if not specified in suite definition file or
       source code
    -suitethreadpoolsize
       Size of the thread pool to use to run suites
       Default: 1
    -testclass
       The list of test classes
    -testjar
       A jar file containing the tests
    -testname
       Default name of test, if not specified in suitedefinition file or source
       code
    -testnames
       The list of test names to run
    -testrunfactory, -testRunFactory
       The factory used to create tests
    -threadcount
       Number of threads to use when running tests in parallel
    -usedefaultlisteners
       Whether to use the default listeners
       Default: true
    -log, -verbose
       Level of verbosity
    -xmlpathinjar
       The full path to the xml file inside the jar file (only valid if -testjar
       was specified)
       Default: testng.xml

Build step 'Execute shell' marked build as failure
Sending e-mails to: anjanmondal@gmail.com
ERROR: 534-5.7.14 <https://accounts.google.com/signin/continue?sarp=1&scc=1&plt=AKgnsbvE
534-5.7.14 HWKDgYYerjkx5o7SJrbUA14MF3q6VJMz_is6gtv805KZSCopsWiOQGPGlTpg6nj3ss_4My
534-5.7.14 yMZDdvTTXwyMiDmw20mmp7QXUZ9wRMMDteWLYZeQDI1-zUkqsH2fF53vJx_eH0mPBT-py2
534-5.7.14 dOwcsh-rwfChKSKoAD_-2XgRWnXZ1LcdHcXqIRRxth5fJYn4g6u68J9AZkZa2zTsBlS0hx
534-5.7.14 e8Lb3xo8Pi-okrXCZIrxtL6kJheYw> Please log in via your web browser and
534-5.7.14 then try again.
534-5.7.14  Learn more at
534 5.7.14  https://support.google.com/mail/answer/78754 s4sm11805469pfk.71 - gsmtp

[8mha:////4EICDpwvoLHtApI4/8vMbBl3gzJrAY6yR8Auk0G3ZsBqAAAAVx+LCAAAAAAAAP9b85aBtbiIQSmjNKU4P08vOT+vOD8nVc8DzHWtSE4tKMnMz/PLL0mV3NWzufebKBsTA0NFEYMUmgZnCA1SyAABjCCFBQC2xNaiYAAAAA==[0mjavax.mail.AuthenticationFailedException: 534-5.7.14 <https://accounts.google.com/signin/continue?sarp=1&scc=1&plt=AKgnsbvE
534-5.7.14 HWKDgYYerjkx5o7SJrbUA14MF3q6VJMz_is6gtv805KZSCopsWiOQGPGlTpg6nj3ss_4My
534-5.7.14 yMZDdvTTXwyMiDmw20mmp7QXUZ9wRMMDteWLYZeQDI1-zUkqsH2fF53vJx_eH0mPBT-py2
534-5.7.14 dOwcsh-rwfChKSKoAD_-2XgRWnXZ1LcdHcXqIRRxth5fJYn4g6u68J9AZkZa2zTsBlS0hx
534-5.7.14 e8Lb3xo8Pi-okrXCZIrxtL6kJheYw> Please log in via your web browser and
534-5.7.14 then try again.
534-5.7.14  Learn more at
534 5.7.14  https://support.google.com/mail/answer/78754 s4sm11805469pfk.71 - gsmtp

	at com.sun.mail.smtp.SMTPTransport$Authenticator.authenticate(SMTPTransport.java:809)
	at com.sun.mail.smtp.SMTPTransport.authenticate(SMTPTransport.java:752)
	at com.sun.mail.smtp.SMTPTransport.protocolConnect(SMTPTransport.java:669)
	at javax.mail.Service.connect(Service.java:317)
	at javax.mail.Service.connect(Service.java:176)
	at javax.mail.Service.connect(Service.java:125)
	at javax.mail.Transport.send0(Transport.java:194)
	at javax.mail.Transport.send(Transport.java:124)
	at hudson.tasks.MailSender.run(MailSender.java:131)
	at hudson.tasks.Mailer.perform(Mailer.java:170)
	at hudson.tasks.BuildStepCompatibilityLayer.perform(BuildStepCompatibilityLayer.java:81)
	at hudson.tasks.BuildStepMonitor$1.perform(BuildStepMonitor.java:20)
	at hudson.model.AbstractBuild$AbstractBuildExecution.perform(AbstractBuild.java:730)
	at hudson.model.AbstractBuild$AbstractBuildExecution.performAllBuildSteps(AbstractBuild.java:676)
	at hudson.model.Build$BuildExecution.post2(Build.java:186)
	at hudson.model.AbstractBuild$AbstractBuildExecution.post(AbstractBuild.java:621)
	at hudson.model.Run.execute(Run.java:1760)
	at hudson.model.FreeStyleBuild.run(FreeStyleBuild.java:43)
	at hudson.model.ResourceController.execute(ResourceController.java:97)
	at hudson.model.Executor.run(Executor.java:415)
Finished: FAILURE
